{"C:\\wamp64\\www\\money-minder-api\\src\\mongo\\index.ts": {"path":"C:\\wamp64\\www\\money-minder-api\\src\\mongo\\index.ts","statementMap":{"0":{"start":{"line":1,"column":0},"end":{"line":1,"column":32}},"1":{"start":{"line":2,"column":0},"end":{"line":2,"column":32}},"2":{"start":{"line":3,"column":0},"end":{"line":8,"column":3}},"3":{"start":{"line":10,"column":0},"end":{"line":10,"column":null}},"4":{"start":{"line":10,"column":53},"end":{"line":10,"column":88}},"5":{"start":{"line":10,"column":101},"end":{"line":10,"column":143}},"6":{"start":{"line":12,"column":0},"end":{"line":12,"column":24}}},"fnMap":{"0":{"name":"(anonymous_7)","decl":{"start":{"line":10,"column":47},"end":{"line":10,"column":50}},"loc":{"start":{"line":10,"column":53},"end":{"line":10,"column":88}}},"1":{"name":"(anonymous_8)","decl":{"start":{"line":10,"column":89},"end":{"line":10,"column":90}},"loc":{"start":{"line":10,"column":101},"end":{"line":10,"column":143}}}},"branchMap":{},"s":{"0":2,"1":2,"2":2,"3":2,"4":2,"5":0,"6":2},"f":{"0":2,"1":0},"b":{}}
,"C:\\wamp64\\www\\money-minder-api\\src\\mongo\\model\\Income.ts": {"path":"C:\\wamp64\\www\\money-minder-api\\src\\mongo\\model\\Income.ts","statementMap":{"0":{"start":{"line":2,"column":0},"end":{"line":2,"column":31}},"1":{"start":{"line":12,"column":14},"end":{"line":19,"column":null}},"2":{"start":{"line":21,"column":0},"end":{"line":21,"column":null}}},"fnMap":{},"branchMap":{},"s":{"0":2,"1":2,"2":2},"f":{},"b":{}}
,"C:\\wamp64\\www\\money-minder-api\\src\\mongo\\model\\budget.ts": {"path":"C:\\wamp64\\www\\money-minder-api\\src\\mongo\\model\\budget.ts","statementMap":{"0":{"start":{"line":1,"column":0},"end":{"line":1,"column":28}},"1":{"start":{"line":2,"column":0},"end":{"line":2,"column":59}},"2":{"start":{"line":3,"column":0},"end":{"line":3,"column":47}},"3":{"start":{"line":23,"column":21},"end":{"line":35,"column":2}},"4":{"start":{"line":37,"column":0},"end":{"line":37,"column":null}}},"fnMap":{},"branchMap":{},"s":{"0":2,"1":2,"2":2,"3":2,"4":2},"f":{},"b":{}}
,"C:\\wamp64\\www\\money-minder-api\\src\\mongo\\model\\budgetItem.ts": {"path":"C:\\wamp64\\www\\money-minder-api\\src\\mongo\\model\\budgetItem.ts","statementMap":{"0":{"start":{"line":1,"column":0},"end":{"line":1,"column":28}},"1":{"start":{"line":2,"column":0},"end":{"line":2,"column":44}},"2":{"start":{"line":17,"column":13},"end":{"line":23,"column":null}},"3":{"start":{"line":25,"column":0},"end":{"line":25,"column":null}}},"fnMap":{},"branchMap":{},"s":{"0":2,"1":2,"2":2,"3":2},"f":{},"b":{}}
,"C:\\wamp64\\www\\money-minder-api\\src\\mongo\\model\\spent.ts": {"path":"C:\\wamp64\\www\\money-minder-api\\src\\mongo\\model\\spent.ts","statementMap":{"0":{"start":{"line":1,"column":0},"end":{"line":1,"column":28}},"1":{"start":{"line":11,"column":14},"end":{"line":18,"column":null}},"2":{"start":{"line":20,"column":0},"end":{"line":20,"column":null}}},"fnMap":{},"branchMap":{},"s":{"0":2,"1":2,"2":2},"f":{},"b":{}}
,"C:\\wamp64\\www\\money-minder-api\\src\\mongo\\repository\\budgetRepository.ts": {"path":"C:\\wamp64\\www\\money-minder-api\\src\\mongo\\repository\\budgetRepository.ts","statementMap":{"0":{"start":{"line":1,"column":0},"end":{"line":1,"column":37}},"1":{"start":{"line":6,"column":4},"end":{"line":16,"column":5}},"2":{"start":{"line":7,"column":20},"end":{"line":7,"column":46}},"3":{"start":{"line":8,"column":8},"end":{"line":13,"column":null}},"4":{"start":{"line":9,"column":12},"end":{"line":11,"column":13}},"5":{"start":{"line":10,"column":16},"end":{"line":10,"column":null}},"6":{"start":{"line":12,"column":12},"end":{"line":12,"column":null}},"7":{"start":{"line":15,"column":8},"end":{"line":15,"column":null}},"8":{"start":{"line":5,"column":0},"end":{"line":5,"column":16}},"9":{"start":{"line":20,"column":4},"end":{"line":35,"column":5}},"10":{"start":{"line":21,"column":8},"end":{"line":31,"column":null}},"11":{"start":{"line":23,"column":12},"end":{"line":25,"column":13}},"12":{"start":{"line":24,"column":16},"end":{"line":24,"column":null}},"13":{"start":{"line":26,"column":12},"end":{"line":26,"column":25}},"14":{"start":{"line":29,"column":12},"end":{"line":29,"column":null}},"15":{"start":{"line":30,"column":12},"end":{"line":30,"column":null}},"16":{"start":{"line":33,"column":8},"end":{"line":33,"column":null}},"17":{"start":{"line":34,"column":8},"end":{"line":34,"column":21}},"18":{"start":{"line":19,"column":0},"end":{"line":19,"column":16}},"19":{"start":{"line":39,"column":4},"end":{"line":51,"column":5}},"20":{"start":{"line":40,"column":8},"end":{"line":47,"column":null}},"21":{"start":{"line":41,"column":12},"end":{"line":43,"column":13}},"22":{"start":{"line":42,"column":16},"end":{"line":42,"column":null}},"23":{"start":{"line":44,"column":12},"end":{"line":44,"column":null}},"24":{"start":{"line":46,"column":12},"end":{"line":46,"column":null}},"25":{"start":{"line":49,"column":8},"end":{"line":49,"column":null}},"26":{"start":{"line":50,"column":8},"end":{"line":50,"column":null}},"27":{"start":{"line":38,"column":0},"end":{"line":38,"column":7}},"28":{"start":{"line":55,"column":4},"end":{"line":68,"column":5}},"29":{"start":{"line":56,"column":8},"end":{"line":64,"column":null}},"30":{"start":{"line":57,"column":12},"end":{"line":59,"column":13}},"31":{"start":{"line":58,"column":16},"end":{"line":58,"column":null}},"32":{"start":{"line":60,"column":12},"end":{"line":60,"column":null}},"33":{"start":{"line":62,"column":12},"end":{"line":62,"column":null}},"34":{"start":{"line":63,"column":12},"end":{"line":63,"column":null}},"35":{"start":{"line":66,"column":8},"end":{"line":66,"column":null}},"36":{"start":{"line":67,"column":8},"end":{"line":67,"column":null}},"37":{"start":{"line":54,"column":0},"end":{"line":54,"column":7}},"38":{"start":{"line":72,"column":4},"end":{"line":81,"column":5}},"39":{"start":{"line":73,"column":8},"end":{"line":77,"column":null}},"40":{"start":{"line":74,"column":12},"end":{"line":74,"column":null}},"41":{"start":{"line":76,"column":12},"end":{"line":76,"column":null}},"42":{"start":{"line":79,"column":8},"end":{"line":79,"column":null}},"43":{"start":{"line":80,"column":8},"end":{"line":80,"column":null}},"44":{"start":{"line":71,"column":0},"end":{"line":71,"column":7}},"45":{"start":{"line":85,"column":4},"end":{"line":96,"column":5}},"46":{"start":{"line":86,"column":23},"end":{"line":86,"column":55}},"47":{"start":{"line":87,"column":8},"end":{"line":91,"column":9}},"48":{"start":{"line":88,"column":13},"end":{"line":88,"column":null}},"49":{"start":{"line":89,"column":13},"end":{"line":89,"column":null}},"50":{"start":{"line":90,"column":13},"end":{"line":90,"column":null}},"51":{"start":{"line":92,"column":8},"end":{"line":92,"column":null}},"52":{"start":{"line":94,"column":8},"end":{"line":94,"column":null}},"53":{"start":{"line":95,"column":8},"end":{"line":95,"column":null}},"54":{"start":{"line":84,"column":0},"end":{"line":84,"column":7}}},"fnMap":{"0":{"name":"createBudget","decl":{"start":{"line":5,"column":16},"end":{"line":5,"column":28}},"loc":{"start":{"line":5,"column":54},"end":{"line":17,"column":1}}},"1":{"name":"(anonymous_2)","decl":{"start":{"line":8,"column":31},"end":{"line":8,"column":32}},"loc":{"start":{"line":8,"column":42},"end":{"line":13,"column":9}}},"2":{"name":"findBudgetById","decl":{"start":{"line":19,"column":16},"end":{"line":19,"column":30}},"loc":{"start":{"line":19,"column":38},"end":{"line":36,"column":1}}},"3":{"name":"(anonymous_4)","decl":{"start":{"line":22,"column":8},"end":{"line":22,"column":9}},"loc":{"start":{"line":22,"column":16},"end":{"line":27,"column":9}}},"4":{"name":"(anonymous_5)","decl":{"start":{"line":28,"column":8},"end":{"line":28,"column":9}},"loc":{"start":{"line":28,"column":19},"end":{"line":31,"column":9}}},"5":{"name":"findBudgetByUserID","decl":{"start":{"line":38,"column":22},"end":{"line":38,"column":40}},"loc":{"start":{"line":38,"column":52},"end":{"line":52,"column":1}}},"6":{"name":"(anonymous_7)","decl":{"start":{"line":40,"column":50},"end":{"line":40,"column":51}},"loc":{"start":{"line":40,"column":61},"end":{"line":45,"column":9}}},"7":{"name":"(anonymous_8)","decl":{"start":{"line":45,"column":11},"end":{"line":45,"column":14}},"loc":{"start":{"line":45,"column":16},"end":{"line":47,"column":9}}},"8":{"name":"updateBudgetById","decl":{"start":{"line":54,"column":22},"end":{"line":54,"column":38}},"loc":{"start":{"line":54,"column":49},"end":{"line":69,"column":1}}},"9":{"name":"(anonymous_10)","decl":{"start":{"line":56,"column":62},"end":{"line":56,"column":63}},"loc":{"start":{"line":56,"column":70},"end":{"line":61,"column":9}}},"10":{"name":"(anonymous_11)","decl":{"start":{"line":61,"column":11},"end":{"line":61,"column":12}},"loc":{"start":{"line":61,"column":22},"end":{"line":64,"column":9}}},"11":{"name":"deleteBudgetById","decl":{"start":{"line":71,"column":22},"end":{"line":71,"column":38}},"loc":{"start":{"line":71,"column":66},"end":{"line":82,"column":1}}},"12":{"name":"(anonymous_13)","decl":{"start":{"line":73,"column":48},"end":{"line":73,"column":51}},"loc":{"start":{"line":73,"column":53},"end":{"line":75,"column":9}}},"13":{"name":"(anonymous_14)","decl":{"start":{"line":75,"column":11},"end":{"line":75,"column":14}},"loc":{"start":{"line":75,"column":16},"end":{"line":77,"column":9}}},"14":{"name":"addIncomeToBudgetById","decl":{"start":{"line":84,"column":22},"end":{"line":84,"column":43}},"loc":{"start":{"line":84,"column":79},"end":{"line":97,"column":1}}}},"branchMap":{"0":{"loc":{"start":{"line":9,"column":12},"end":{"line":11,"column":13}},"type":"if","locations":[{"start":{"line":9,"column":12},"end":{"line":11,"column":13}}]},"1":{"loc":{"start":{"line":23,"column":12},"end":{"line":25,"column":13}},"type":"if","locations":[{"start":{"line":23,"column":12},"end":{"line":25,"column":13}}]},"2":{"loc":{"start":{"line":41,"column":12},"end":{"line":43,"column":13}},"type":"if","locations":[{"start":{"line":41,"column":12},"end":{"line":43,"column":13}}]},"3":{"loc":{"start":{"line":41,"column":16},"end":{"line":41,"column":39}},"type":"binary-expr","locations":[{"start":{"line":41,"column":16},"end":{"line":41,"column":22}},{"start":{"line":41,"column":26},"end":{"line":41,"column":39}}]},"4":{"loc":{"start":{"line":57,"column":12},"end":{"line":59,"column":13}},"type":"if","locations":[{"start":{"line":57,"column":12},"end":{"line":59,"column":13}}]},"5":{"loc":{"start":{"line":87,"column":8},"end":{"line":91,"column":9}},"type":"if","locations":[{"start":{"line":87,"column":8},"end":{"line":91,"column":9}}]}},"s":{"0":2,"1":1,"2":1,"3":1,"4":1,"5":1,"6":0,"7":0,"8":2,"9":5,"10":5,"11":5,"12":3,"13":2,"14":0,"15":0,"16":0,"17":0,"18":2,"19":1,"20":1,"21":1,"22":1,"23":0,"24":0,"25":0,"26":0,"27":2,"28":1,"29":1,"30":1,"31":1,"32":0,"33":0,"34":0,"35":0,"36":0,"37":2,"38":1,"39":1,"40":1,"41":0,"42":0,"43":0,"44":2,"45":1,"46":1,"47":1,"48":1,"49":1,"50":1,"51":0,"52":0,"53":0,"54":2},"f":{"0":1,"1":1,"2":5,"3":5,"4":0,"5":1,"6":1,"7":0,"8":1,"9":1,"10":0,"11":1,"12":1,"13":0,"14":1},"b":{"0":[1],"1":[3],"2":[1],"3":[1,1],"4":[1],"5":[1]}}
,"C:\\wamp64\\www\\money-minder-api\\src\\mongo\\repository\\incomeRepository.ts": {"path":"C:\\wamp64\\www\\money-minder-api\\src\\mongo\\repository\\incomeRepository.ts","statementMap":{"0":{"start":{"line":1,"column":0},"end":{"line":1,"column":36}},"1":{"start":{"line":5,"column":4},"end":{"line":15,"column":5}},"2":{"start":{"line":6,"column":20},"end":{"line":6,"column":54}},"3":{"start":{"line":7,"column":8},"end":{"line":12,"column":null}},"4":{"start":{"line":8,"column":12},"end":{"line":10,"column":13}},"5":{"start":{"line":9,"column":16},"end":{"line":9,"column":null}},"6":{"start":{"line":11,"column":12},"end":{"line":11,"column":null}},"7":{"start":{"line":14,"column":8},"end":{"line":14,"column":null}},"8":{"start":{"line":4,"column":0},"end":{"line":4,"column":16}},"9":{"start":{"line":19,"column":4},"end":{"line":28,"column":5}},"10":{"start":{"line":20,"column":8},"end":{"line":24,"column":null}},"11":{"start":{"line":21,"column":12},"end":{"line":21,"column":null}},"12":{"start":{"line":23,"column":12},"end":{"line":23,"column":null}},"13":{"start":{"line":26,"column":8},"end":{"line":26,"column":null}},"14":{"start":{"line":27,"column":8},"end":{"line":27,"column":null}},"15":{"start":{"line":18,"column":0},"end":{"line":18,"column":7}}},"fnMap":{"0":{"name":"createIncome","decl":{"start":{"line":4,"column":16},"end":{"line":4,"column":28}},"loc":{"start":{"line":4,"column":72},"end":{"line":16,"column":1}}},"1":{"name":"(anonymous_2)","decl":{"start":{"line":7,"column":31},"end":{"line":7,"column":32}},"loc":{"start":{"line":7,"column":42},"end":{"line":12,"column":9}}},"2":{"name":"deleteIncomeById","decl":{"start":{"line":18,"column":22},"end":{"line":18,"column":38}},"loc":{"start":{"line":18,"column":66},"end":{"line":29,"column":1}}},"3":{"name":"(anonymous_4)","decl":{"start":{"line":20,"column":47},"end":{"line":20,"column":50}},"loc":{"start":{"line":20,"column":52},"end":{"line":22,"column":9}}},"4":{"name":"(anonymous_5)","decl":{"start":{"line":22,"column":11},"end":{"line":22,"column":14}},"loc":{"start":{"line":22,"column":16},"end":{"line":24,"column":9}}}},"branchMap":{"0":{"loc":{"start":{"line":8,"column":12},"end":{"line":10,"column":13}},"type":"if","locations":[{"start":{"line":8,"column":12},"end":{"line":10,"column":13}}]}},"s":{"0":2,"1":2,"2":2,"3":2,"4":2,"5":2,"6":0,"7":0,"8":2,"9":2,"10":2,"11":2,"12":0,"13":0,"14":0,"15":2},"f":{"0":2,"1":2,"2":2,"3":2,"4":0},"b":{"0":[2]}}
}
