TN:
SF:src\mongo\index.ts
FN:10,(anonymous_7)
FN:10,(anonymous_8)
FNF:2
FNH:1
FNDA:2,(anonymous_7)
FNDA:0,(anonymous_8)
DA:1,2
DA:2,2
DA:3,2
DA:10,2
DA:12,2
LF:5
LH:5
BRF:0
BRH:0
end_of_record
TN:
SF:src\mongo\model\Income.ts
FNF:0
FNH:0
DA:2,2
DA:12,2
DA:21,2
LF:3
LH:3
BRF:0
BRH:0
end_of_record
TN:
SF:src\mongo\model\budget.ts
FNF:0
FNH:0
DA:1,2
DA:2,2
DA:3,2
DA:23,2
DA:37,2
LF:5
LH:5
BRF:0
BRH:0
end_of_record
TN:
SF:src\mongo\model\budgetItem.ts
FNF:0
FNH:0
DA:1,2
DA:2,2
DA:17,2
DA:25,2
LF:4
LH:4
BRF:0
BRH:0
end_of_record
TN:
SF:src\mongo\model\spent.ts
FNF:0
FNH:0
DA:1,2
DA:11,2
DA:20,2
LF:3
LH:3
BRF:0
BRH:0
end_of_record
TN:
SF:src\mongo\repository\budgetRepository.ts
FN:5,createBudget
FN:8,(anonymous_2)
FN:19,findBudgetById
FN:22,(anonymous_4)
FN:28,(anonymous_5)
FN:38,findBudgetByUserID
FN:40,(anonymous_7)
FN:45,(anonymous_8)
FN:54,updateBudgetById
FN:56,(anonymous_10)
FN:61,(anonymous_11)
FN:71,deleteBudgetById
FN:73,(anonymous_13)
FN:75,(anonymous_14)
FN:84,addIncomeToBudgetById
FNF:15
FNH:11
FNDA:1,createBudget
FNDA:1,(anonymous_2)
FNDA:5,findBudgetById
FNDA:5,(anonymous_4)
FNDA:0,(anonymous_5)
FNDA:1,findBudgetByUserID
FNDA:1,(anonymous_7)
FNDA:0,(anonymous_8)
FNDA:1,updateBudgetById
FNDA:1,(anonymous_10)
FNDA:0,(anonymous_11)
FNDA:1,deleteBudgetById
FNDA:1,(anonymous_13)
FNDA:0,(anonymous_14)
FNDA:1,addIncomeToBudgetById
DA:1,2
DA:5,2
DA:6,1
DA:7,1
DA:8,1
DA:9,1
DA:10,1
DA:12,0
DA:15,0
DA:19,2
DA:20,5
DA:21,5
DA:23,5
DA:24,3
DA:26,2
DA:29,0
DA:30,0
DA:33,0
DA:34,0
DA:38,2
DA:39,1
DA:40,1
DA:41,1
DA:42,1
DA:44,0
DA:46,0
DA:49,0
DA:50,0
DA:54,2
DA:55,1
DA:56,1
DA:57,1
DA:58,1
DA:60,0
DA:62,0
DA:63,0
DA:66,0
DA:67,0
DA:71,2
DA:72,1
DA:73,1
DA:74,1
DA:76,0
DA:79,0
DA:80,0
DA:84,2
DA:85,1
DA:86,1
DA:87,1
DA:88,1
DA:89,1
DA:90,1
DA:92,0
DA:94,0
DA:95,0
LF:55
LH:34
BRDA:9,0,0,1
BRDA:23,1,0,3
BRDA:41,2,0,1
BRDA:41,3,0,1
BRDA:41,3,1,1
BRDA:57,4,0,1
BRDA:87,5,0,1
BRF:7
BRH:7
end_of_record
TN:
SF:src\mongo\repository\incomeRepository.ts
FN:4,createIncome
FN:7,(anonymous_2)
FN:18,deleteIncomeById
FN:20,(anonymous_4)
FN:22,(anonymous_5)
FNF:5
FNH:4
FNDA:2,createIncome
FNDA:2,(anonymous_2)
FNDA:2,deleteIncomeById
FNDA:2,(anonymous_4)
FNDA:0,(anonymous_5)
DA:1,2
DA:4,2
DA:5,2
DA:6,2
DA:7,2
DA:8,2
DA:9,2
DA:11,0
DA:14,0
DA:18,2
DA:19,2
DA:20,2
DA:21,2
DA:23,0
DA:26,0
DA:27,0
LF:16
LH:11
BRDA:8,0,0,2
BRF:1
BRH:1
end_of_record
