TN:
SF:src\mongo\index.ts
FN:10,(anonymous_7)
FN:10,(anonymous_8)
FNF:2
FNH:1
FNDA:3,(anonymous_7)
FNDA:0,(anonymous_8)
DA:1,3
DA:2,3
DA:3,3
DA:10,3
DA:12,3
LF:5
LH:5
BRF:0
BRH:0
end_of_record
TN:
SF:src\mongo\model\Income.ts
FNF:0
FNH:0
DA:2,2
DA:12,2
DA:21,2
LF:3
LH:3
BRF:0
BRH:0
end_of_record
TN:
SF:src\mongo\model\budget.ts
FNF:0
FNH:0
DA:1,2
DA:2,2
DA:3,2
DA:23,2
DA:37,2
LF:5
LH:5
BRF:0
BRH:0
end_of_record
TN:
SF:src\mongo\model\budgetItem.ts
FNF:0
FNH:0
DA:1,2
DA:2,2
DA:17,2
DA:25,2
LF:4
LH:4
BRF:0
BRH:0
end_of_record
TN:
SF:src\mongo\model\spent.ts
FNF:0
FNH:0
DA:1,3
DA:11,3
DA:20,3
LF:3
LH:3
BRF:0
BRH:0
end_of_record
TN:
SF:src\mongo\repository\budgetRepository.ts
FN:4,createBudget
FN:7,(anonymous_2)
FN:18,findBudgetById
FN:21,(anonymous_4)
FN:27,(anonymous_5)
FN:37,findBudgetByUserID
FN:39,(anonymous_7)
FN:44,(anonymous_8)
FN:53,updateBudgetById
FN:55,(anonymous_10)
FN:60,(anonymous_11)
FN:70,deleteBudgetById
FN:72,(anonymous_13)
FN:74,(anonymous_14)
FN:83,addIncomeToBudgetById
FNF:15
FNH:11
FNDA:1,createBudget
FNDA:1,(anonymous_2)
FNDA:5,findBudgetById
FNDA:5,(anonymous_4)
FNDA:0,(anonymous_5)
FNDA:1,findBudgetByUserID
FNDA:1,(anonymous_7)
FNDA:0,(anonymous_8)
FNDA:1,updateBudgetById
FNDA:1,(anonymous_10)
FNDA:0,(anonymous_11)
FNDA:1,deleteBudgetById
FNDA:1,(anonymous_13)
FNDA:0,(anonymous_14)
FNDA:1,addIncomeToBudgetById
DA:1,2
DA:4,2
DA:5,1
DA:6,1
DA:7,1
DA:8,1
DA:9,1
DA:11,0
DA:14,0
DA:18,2
DA:19,5
DA:20,5
DA:22,5
DA:23,3
DA:25,2
DA:28,0
DA:29,0
DA:32,0
DA:33,0
DA:37,2
DA:38,1
DA:39,1
DA:40,1
DA:41,1
DA:43,0
DA:45,0
DA:48,0
DA:49,0
DA:53,2
DA:54,1
DA:55,1
DA:56,1
DA:57,1
DA:59,0
DA:61,0
DA:62,0
DA:65,0
DA:66,0
DA:70,2
DA:71,1
DA:72,1
DA:73,1
DA:75,0
DA:78,0
DA:79,0
DA:83,2
DA:84,1
DA:85,1
DA:86,1
DA:87,1
DA:88,1
DA:89,1
DA:91,0
DA:93,0
DA:94,0
LF:55
LH:34
BRDA:8,0,0,1
BRDA:22,1,0,3
BRDA:40,2,0,1
BRDA:40,3,0,1
BRDA:40,3,1,1
BRDA:56,4,0,1
BRDA:86,5,0,1
BRF:7
BRH:7
end_of_record
TN:
SF:src\mongo\repository\incomeRepository.ts
FN:4,createIncome
FN:7,(anonymous_2)
FN:18,deleteIncomeById
FN:20,(anonymous_4)
FN:22,(anonymous_5)
FNF:5
FNH:4
FNDA:2,createIncome
FNDA:2,(anonymous_2)
FNDA:2,deleteIncomeById
FNDA:2,(anonymous_4)
FNDA:0,(anonymous_5)
DA:1,2
DA:4,2
DA:5,2
DA:6,2
DA:7,2
DA:8,2
DA:9,2
DA:11,0
DA:14,0
DA:18,2
DA:19,2
DA:20,2
DA:21,2
DA:23,0
DA:26,0
DA:27,0
LF:16
LH:11
BRDA:8,0,0,2
BRF:1
BRH:1
end_of_record
TN:
SF:src\mongo\repository\spentRepository.ts
FN:4,createSpent
FN:7,(anonymous_2)
FN:18,findSpentById
FN:21,(anonymous_4)
FN:27,(anonymous_5)
FN:38,deleteSpentById
FN:40,(anonymous_7)
FN:42,(anonymous_8)
FNF:8
FNH:6
FNDA:1,createSpent
FNDA:1,(anonymous_2)
FNDA:1,findSpentById
FNDA:1,(anonymous_4)
FNDA:0,(anonymous_5)
FNDA:1,deleteSpentById
FNDA:1,(anonymous_7)
FNDA:0,(anonymous_8)
DA:1,1
DA:4,1
DA:5,1
DA:6,1
DA:7,1
DA:8,1
DA:9,1
DA:11,0
DA:14,0
DA:18,1
DA:19,1
DA:20,1
DA:22,1
DA:23,0
DA:25,1
DA:28,0
DA:29,0
DA:33,0
DA:34,0
DA:38,1
DA:39,1
DA:40,1
DA:41,1
DA:43,0
DA:46,0
DA:47,0
LF:26
LH:16
BRDA:8,0,0,1
BRDA:22,1,0,0
BRF:2
BRH:1
end_of_record
